time=2024-10-22T19:49:18.635+05:00 level=INFO msg="Application started" Address=http://localhost:8080/ "Data directory"=/home/student/hot-coffee/data
time=2024-10-23T00:01:10.851+05:00 level=INFO msg="Application started" Address=http://localhost:8080/ "Data directory"=/home/student/hot-coffee/data
time=2024-10-23T20:49:58.473+05:00 level=INFO msg="Application started" Address=http://localhost:8080/ "Data directory"=/home/student/hot-coffee/data
time=2024-10-23T21:06:02.030+05:00 level=INFO msg="Application started" Address=http://localhost:8080/ "Data directory"=/home/student/hot-coffee/data
time=2024-10-23T21:11:31.647+05:00 level=INFO msg="Application started" Address=http://localhost:8080/ "Data directory"=/home/student/hot-coffee/data
time=2024-10-23T21:11:51.600+05:00 level=INFO msg="Application started" Address=http://localhost:8080/ "Data directory"=/home/student/hot-coffee/data
time=2024-10-23T21:21:32.223+05:00 level=INFO msg="Application started" Address=http://localhost:8080/ "Data directory"=/home/student/hot-coffee/data
time=2024-10-23T21:22:04.362+05:00 level=INFO msg="Application started" Address=http://localhost:8080/ "Data directory"=/home/student/hot-coffee/data
time=2024-10-23T21:23:12.551+05:00 level=INFO msg="Application started" Address=http://localhost:8080/ "Data directory"=/home/student/hot-coffee/data
time=2024-10-23T21:23:22.908+05:00 level=INFO msg="Application started" Address=http://localhost:8080/ "Data directory"=/home/student/hot-coffee/data
time=2024-10-23T21:24:10.840+05:00 level=INFO msg="Application started" Address=http://localhost:8080/ "Data directory"=/home/student/hot-coffee/data
time=2024-10-23T21:27:42.336+05:00 level=INFO msg="Application started" Address=http://localhost:8080/ "Data directory"=/home/student/hot-coffee/data
time=2024-10-23T21:35:09.565+05:00 level=INFO msg="Application started" Address=http://localhost:8080/ "Data directory"=/home/student/hot-coffee/data
time=2024-10-23T21:39:13.679+05:00 level=INFO msg="Application started" Address=http://localhost:8080/ "Data directory"=/home/student/hot-coffee/data
time=2024-10-23T21:41:08.133+05:00 level=INFO msg="Application started" Address=http://localhost:8080/ "Data directory"=/home/student/hot-coffee/data
time=2024-10-23T21:43:52.580+05:00 level=INFO msg="Application started" Address=http://localhost:8080/ "Data directory"=/home/student/hot-coffee/data
time=2024-10-23T21:49:02.716+05:00 level=INFO msg="Application started" Address=http://localhost:8080/ "Data directory"=/home/student/hot-coffee/data
time=2024-10-23T21:57:35.106+05:00 level=INFO msg="Application started" Address=http://localhost:8080/ "Data directory"=/home/student/hot-coffee/data
time=2024-10-23T21:58:56.294+05:00 level=INFO msg="Application started" Address=http://localhost:8080/ "Data directory"=/home/student/hot-coffee/data
time=2024-10-23T21:59:49.596+05:00 level=INFO msg="Application started" Address=http://localhost:8080/ "Data directory"=/home/student/hot-coffee/data
time=2024-10-23T22:01:35.312+05:00 level=INFO msg="Application started" Address=http://localhost:8080/ "Data directory"=/home/student/hot-coffee/data
time=2024-10-23T22:10:10.841+05:00 level=INFO msg="Application started" Address=http://localhost:8080/ "Data directory"=/home/student/hot-coffee/data
time=2024-10-23T22:12:44.954+05:00 level=INFO msg="Application started" Address=http://localhost:8080/ "Data directory"=/home/student/hot-coffee/data
time=2024-10-23T23:15:28.644+05:00 level=INFO msg="Application started" Address=http://localhost:8080/ "Data directory"=/home/student/hot-coffee/data
time=2024-10-23T23:18:23.032+05:00 level=INFO msg="Request handled successfully." method=POST url=/orders
time=2024-10-23T23:18:49.702+05:00 level=INFO msg="Request handled successfully." method=POST url=/orders
time=2024-10-23T23:19:42.949+05:00 level=INFO msg="Application started" Address=http://localhost:8080/ "Data directory"=/home/student/hot-coffee/data
time=2024-10-23T23:19:45.329+05:00 level=ERROR msg="Requested order item does not exist in menu" error="The requested menu item to update does not exist in menu" method=POST url=/orders
time=2024-10-23T23:19:59.745+05:00 level=ERROR msg="Requested order item does not exist in menu" error="The requested menu item to update does not exist in menu" method=POST url=/orders
time=2024-10-23T23:20:14.035+05:00 level=ERROR msg="Requested order item does not exist in menu" error="The requested menu item to update does not exist in menu" method=POST url=/orders
time=2024-10-23T23:20:21.652+05:00 level=ERROR msg="Requested order item does not exist in menu" error="The requested menu item to update does not exist in menu" method=POST url=/orders
time=2024-10-23T23:20:24.037+05:00 level=ERROR msg="Requested order item does not exist in menu" error="The requested menu item to update does not exist in menu" method=POST url=/orders
time=2024-10-23T23:20:29.148+05:00 level=ERROR msg="Requested order item does not exist in menu" error="The requested menu item to update does not exist in menu" method=POST url=/orders
time=2024-10-23T23:20:40.419+05:00 level=ERROR msg="Requested order item does not exist in menu" error="The requested menu item to update does not exist in menu" method=POST url=/orders
time=2024-10-23T23:20:52.117+05:00 level=INFO msg="Request handled successfully." method=POST url=/orders
time=2024-10-23T23:21:14.292+05:00 level=INFO msg="Request handled successfully." method=DELETE url=/orders/8
time=2024-10-23T23:21:19.693+05:00 level=INFO msg="Request handled successfully." method=DELETE url=/orders/7
time=2024-10-23T23:21:48.205+05:00 level=INFO msg="Request handled successfully." method=POST url=/orders
time=2024-10-23T23:22:07.997+05:00 level=INFO msg="Request handled successfully." method=POST url=/orders/10/close
time=2024-10-23T23:22:19.134+05:00 level=INFO msg="Request handled successfully." method=POST url=/orders/10/close
time=2024-10-23T23:22:20.077+05:00 level=INFO msg="Request handled successfully." method=POST url=/orders/10/close
time=2024-10-23T23:22:21.074+05:00 level=INFO msg="Request handled successfully." method=POST url=/orders/10/close
time=2024-10-23T23:22:23.005+05:00 level=INFO msg="Request handled successfully." method=POST url=/orders/10/close
time=2024-10-23T23:22:24.011+05:00 level=INFO msg="Request handled successfully." method=POST url=/orders/10/close
time=2024-10-23T23:22:25.071+05:00 level=INFO msg="Request handled successfully." method=POST url=/orders/10/close
time=2024-10-23T23:22:25.990+05:00 level=INFO msg="Request handled successfully." method=POST url=/orders/10/close
time=2024-10-23T23:32:55.841+05:00 level=INFO msg="Application started" Address=http://localhost:8080/ "Data directory"=/home/student/hot-coffee/data
time=2024-10-23T23:33:05.378+05:00 level=INFO msg="Request handled successfully." method=POST url=/orders
time=2024-10-23T23:33:24.468+05:00 level=INFO msg="Request handled successfully." method=DELETE url=/menu/manty
time=2024-10-23T23:35:17.685+05:00 level=INFO msg="Request handled successfully." method=POST url=/menu
time=2024-10-23T23:37:07.030+05:00 level=INFO msg="Application started" Address=http://localhost:8080/ "Data directory"=/home/student/hot-coffee/data
time=2024-10-23T23:37:13.628+05:00 level=INFO msg="Request handled successfully." method=DELETE url=/menu/manty
time=2024-10-23T23:37:20.462+05:00 level=ERROR msg="No ingridients for new menu item ot not enough ingridients even for 1 item" method=POST url=/menu
time=2024-10-23T23:38:40.377+05:00 level=ERROR msg="No ingridients for new menu item ot not enough ingridients even for 1 item" method=POST url=/menu
time=2024-10-23T23:38:42.630+05:00 level=ERROR msg="No ingridients for new menu item ot not enough ingridients even for 1 item" method=POST url=/menu
time=2024-10-23T23:38:43.579+05:00 level=ERROR msg="No ingridients for new menu item ot not enough ingridients even for 1 item" method=POST url=/menu
time=2024-10-23T23:38:44.779+05:00 level=ERROR msg="No ingridients for new menu item ot not enough ingridients even for 1 item" method=POST url=/menu
